000 (1651851.000.000) 11/27 23:41:16 Job submitted from host: <172.30.1.200:9618?addrs=172.30.1.200-9618+[--1]-9618&noUDP&sock=7659_03f3_4>
...
001 (1651851.000.000) 11/27 23:41:18 Job executing on host: <172.30.1.201:9618?addrs=172.30.1.201-9618+[--1]-9618&noUDP&sock=98177_d59f_3>
...
006 (1651851.000.000) 11/27 23:41:27 Image size of job updated: 131748
	48  -  MemoryUsage of job (MB)
	49012  -  ResidentSetSize of job (KB)
...
006 (1651851.000.000) 11/27 23:46:28 Image size of job updated: 1822952
	751  -  MemoryUsage of job (MB)
	768280  -  ResidentSetSize of job (KB)
...
006 (1651851.000.000) 11/27 23:51:28 Image size of job updated: 1824008
	751  -  MemoryUsage of job (MB)
	768280  -  ResidentSetSize of job (KB)
...
005 (1651851.000.000) 11/27 23:53:07 Job terminated.
	(1) Normal termination (return value 0)
		Usr 0 00:01:08, Sys 0 00:00:24  -  Run Remote Usage
		Usr 0 00:00:00, Sys 0 00:00:00  -  Run Local Usage
		Usr 0 00:01:08, Sys 0 00:00:24  -  Total Remote Usage
		Usr 0 00:00:00, Sys 0 00:00:00  -  Total Local Usage
	219623  -  Run Bytes Sent By Job
	493  -  Run Bytes Received By Job
	219623  -  Total Bytes Sent By Job
	493  -  Total Bytes Received By Job
	Partitionable Resources :    Usage  Request Allocated
	   Cpus                 :                 1         1
	   Disk (KB)            :      226  2048000   2569834
	   Memory (MB)          :      751     2000      2000
...
