000 (1651851.001.000) 11/27 23:41:16 Job submitted from host: <172.30.1.200:9618?addrs=172.30.1.200-9618+[--1]-9618&noUDP&sock=7659_03f3_4>
...
001 (1651851.001.000) 11/27 23:43:18 Job executing on host: <172.30.1.206:9618?addrs=172.30.1.206-9618+[--1]-9618&noUDP&sock=10063_f59f_3>
...
006 (1651851.001.000) 11/27 23:43:27 Image size of job updated: 698404
	256  -  MemoryUsage of job (MB)
	261368  -  ResidentSetSize of job (KB)
...
006 (1651851.001.000) 11/27 23:48:28 Image size of job updated: 1823880
	392  -  MemoryUsage of job (MB)
	401116  -  ResidentSetSize of job (KB)
...
006 (1651851.001.000) 11/27 23:51:03 Image size of job updated: 1823880
	393  -  MemoryUsage of job (MB)
	401848  -  ResidentSetSize of job (KB)
...
005 (1651851.001.000) 11/27 23:51:03 Job terminated.
	(1) Normal termination (return value 0)
		Usr 0 00:00:45, Sys 0 00:00:18  -  Run Remote Usage
		Usr 0 00:00:00, Sys 0 00:00:00  -  Run Local Usage
		Usr 0 00:00:45, Sys 0 00:00:18  -  Total Remote Usage
		Usr 0 00:00:00, Sys 0 00:00:00  -  Total Local Usage
	219793  -  Run Bytes Sent By Job
	493  -  Run Bytes Received By Job
	219793  -  Total Bytes Sent By Job
	493  -  Total Bytes Received By Job
	Partitionable Resources :    Usage  Request Allocated
	   Cpus                 :                 1         1
	   Disk (KB)            :      226  2048000   2902605
	   Memory (MB)          :      393     2000      2000
...
