000 (1651851.003.000) 11/27 23:41:16 Job submitted from host: <172.30.1.200:9618?addrs=172.30.1.200-9618+[--1]-9618&noUDP&sock=7659_03f3_4>
...
001 (1651851.003.000) 11/27 23:43:19 Job executing on host: <172.30.1.201:9618?addrs=172.30.1.201-9618+[--1]-9618&noUDP&sock=98177_d59f_3>
...
006 (1651851.003.000) 11/27 23:43:27 Image size of job updated: 132772
	41  -  MemoryUsage of job (MB)
	41148  -  ResidentSetSize of job (KB)
...
006 (1651851.003.000) 11/27 23:48:27 Image size of job updated: 1822152
	890  -  MemoryUsage of job (MB)
	911140  -  ResidentSetSize of job (KB)
...
006 (1651851.003.000) 11/27 23:53:28 Image size of job updated: 1824132
	890  -  MemoryUsage of job (MB)
	911140  -  ResidentSetSize of job (KB)
...
005 (1651851.003.000) 11/27 23:55:16 Job terminated.
	(1) Normal termination (return value 0)
		Usr 0 00:01:03, Sys 0 00:00:22  -  Run Remote Usage
		Usr 0 00:00:00, Sys 0 00:00:00  -  Run Local Usage
		Usr 0 00:01:03, Sys 0 00:00:22  -  Total Remote Usage
		Usr 0 00:00:00, Sys 0 00:00:00  -  Total Local Usage
	219796  -  Run Bytes Sent By Job
	493  -  Run Bytes Received By Job
	219796  -  Total Bytes Sent By Job
	493  -  Total Bytes Received By Job
	Partitionable Resources :    Usage  Request Allocated
	   Cpus                 :                 1         1
	   Disk (KB)            :      226  2048000   2569834
	   Memory (MB)          :      890     2000      2000
...
