27-Nov-2020 23:50:56 KST  Initiating request to open LHE file cmsgrid_final.lhe
27-Nov-2020 23:50:56 KST  Successfully opened LHE file cmsgrid_final.lhe
%MSG-w LogicError:  GenWeightsTableProducer:genWeightsTable@beginRun  27-Nov-2020 23:50:56 KST Run: 1
::getByLabel: An attempt was made to read a Run product before endRun() was called.
The product is of type 'LHERunInfoProduct'.
The specified ModuleLabel was 'externalLHEProducer'.
The specified productInstanceName was ''.

%MSG
%MSG-w LogicError:  HTXSRivetProducer:rivetProducerHTXS@beginRun  27-Nov-2020 23:50:56 KST Run: 1
::getByLabel: An attempt was made to read a Run product before endRun() was called.
The product is of type 'LHERunInfoProduct'.
The specified ModuleLabel was 'externalLHEProducer'.
The specified productInstanceName was ''.

%MSG
%MSG-w LogicError:  Pythia8HadronizerFilter:generator@beginRun  27-Nov-2020 23:50:56 KST Run: 1
::getByLabel: An attempt was made to read a Run product before endRun() was called.
The product is of type 'LHERunInfoProduct'.
The specified ModuleLabel was 'externalLHEProducer'.
The specified productInstanceName was ''.

%MSG
Begin processing the 1st record. Run 1, Event 1, LumiSection 1 on stream 0 at 27-Nov-2020 23:50:58.570 KST
Begin processing the 2nd record. Run 1, Event 2, LumiSection 1 on stream 0 at 27-Nov-2020 23:50:58.809 KST
Begin processing the 3rd record. Run 1, Event 3, LumiSection 1 on stream 0 at 27-Nov-2020 23:51:01.378 KST
Begin processing the 4th record. Run 1, Event 4, LumiSection 1 on stream 0 at 27-Nov-2020 23:51:01.400 KST
Begin processing the 5th record. Run 1, Event 5, LumiSection 1 on stream 0 at 27-Nov-2020 23:51:01.410 KST
Begin processing the 6th record. Run 1, Event 6, LumiSection 1 on stream 0 at 27-Nov-2020 23:51:01.479 KST
Begin processing the 7th record. Run 1, Event 7, LumiSection 1 on stream 0 at 27-Nov-2020 23:51:01.485 KST
Begin processing the 8th record. Run 1, Event 8, LumiSection 1 on stream 0 at 27-Nov-2020 23:51:01.486 KST
Begin processing the 9th record. Run 1, Event 9, LumiSection 1 on stream 0 at 27-Nov-2020 23:51:01.491 KST
Begin processing the 10th record. Run 1, Event 10, LumiSection 1 on stream 0 at 27-Nov-2020 23:51:01.523 KST
Begin processing the 11th record. Run 1, Event 11, LumiSection 1 on stream 0 at 27-Nov-2020 23:51:01.527 KST
Begin processing the 12th record. Run 1, Event 12, LumiSection 1 on stream 0 at 27-Nov-2020 23:51:01.565 KST
Begin processing the 13th record. Run 1, Event 13, LumiSection 1 on stream 0 at 27-Nov-2020 23:51:01.566 KST
Begin processing the 14th record. Run 1, Event 14, LumiSection 1 on stream 0 at 27-Nov-2020 23:51:01.627 KST
Begin processing the 15th record. Run 1, Event 15, LumiSection 1 on stream 0 at 27-Nov-2020 23:51:01.654 KST
Begin processing the 16th record. Run 1, Event 16, LumiSection 1 on stream 0 at 27-Nov-2020 23:51:01.663 KST
Begin processing the 17th record. Run 1, Event 17, LumiSection 1 on stream 0 at 27-Nov-2020 23:51:01.670 KST
Begin processing the 18th record. Run 1, Event 18, LumiSection 1 on stream 0 at 27-Nov-2020 23:51:01.672 KST
Begin processing the 19th record. Run 1, Event 19, LumiSection 1 on stream 0 at 27-Nov-2020 23:51:01.683 KST
Begin processing the 20th record. Run 1, Event 20, LumiSection 1 on stream 0 at 27-Nov-2020 23:51:01.686 KST
Begin processing the 21st record. Run 1, Event 21, LumiSection 1 on stream 0 at 27-Nov-2020 23:51:01.753 KST
Begin processing the 22nd record. Run 1, Event 22, LumiSection 1 on stream 0 at 27-Nov-2020 23:51:01.899 KST
Begin processing the 23rd record. Run 1, Event 23, LumiSection 1 on stream 0 at 27-Nov-2020 23:51:02.108 KST
Begin processing the 24th record. Run 1, Event 24, LumiSection 1 on stream 0 at 27-Nov-2020 23:51:02.154 KST
Begin processing the 25th record. Run 1, Event 25, LumiSection 1 on stream 0 at 27-Nov-2020 23:51:02.160 KST
Begin processing the 26th record. Run 1, Event 26, LumiSection 1 on stream 0 at 27-Nov-2020 23:51:02.164 KST
Begin processing the 27th record. Run 1, Event 27, LumiSection 1 on stream 0 at 27-Nov-2020 23:51:02.410 KST
Begin processing the 28th record. Run 1, Event 28, LumiSection 1 on stream 0 at 27-Nov-2020 23:51:02.429 KST
Begin processing the 29th record. Run 1, Event 29, LumiSection 1 on stream 0 at 27-Nov-2020 23:51:02.462 KST
Begin processing the 30th record. Run 1, Event 30, LumiSection 1 on stream 0 at 27-Nov-2020 23:51:02.482 KST
27-Nov-2020 23:51:02 KST  Closed LHE file cmsgrid_final.lhe

------------------------------------
GenXsecAnalyzer:
------------------------------------
-------------------------------------------------------------------------------------------------------------------------------------------------------------------------- 
Overall cross-section summary 
--------------------------------------------------------------------------------------------------------------------------------------------------------------------------
Process		xsec_before [pb]		passed	nposw	nnegw	tried	nposw	nnegw 	xsec_match [pb]			accepted [%]	 event_eff [%]
0		5.794e+03 +/- 8.498e+00		5	4	1	9	8	1	2.483e+03 +/- 1.274e+03		42.9 +/- 22.0	55.6 +/- 16.6
1		3.269e+03 +/- 9.867e+00		1	1	0	8	7	1	5.449e+02 +/- 5.137e+02		16.7 +/- 15.7	12.5 +/- 11.7
2		1.593e+03 +/- 9.320e+00		1	0	1	13	7	6	0.000e+00 +/- 0.000e+00		-100.0 +/- 400.0	7.7 +/- 7.4
-------------------------------------------------------------------------------------------------------------------------------------------------------------------------- 
Total		1.066e+04 +/- 1.601e+01		7	5	2	30	22	8	2.283e+03 +/- 1.765e+03		21.4 +/- 16.6	23.3 +/- 7.7
--------------------------------------------------------------------------------------------------------------------------------------------------------------------------
Before matching: total cross section = 1.066e+04 +- 1.601e+01 pb
After matching: total cross section = 2.283e+03 +- 1.765e+03 pb
Matching efficiency = 0.2 +/- 0.1   [TO BE USED IN MCM]
Filter efficiency (taking into account weights)= (70330.3) / (70330.3) = 1.000e+00 +- 0.000e+00
Filter efficiency (event-level)= (7) / (7) = 1.000e+00 +- 0.000e+00    [TO BE USED IN MCM]

After filter: final cross section = 2.283e+03 +- 1.765e+03 pb
After filter: final fraction of events with negative weights = 2.857e-01 +- 4.808e-02
After filter: final equivalent lumi for 1M events (1/fb) = 8.044e-02 +- 3.081e-02

=============================================

MessageLogger Summary

 type     category        sev    module        subroutine        count    total
 ---- -------------------- -- ---------------- ----------------  -----    -----
    1 GenXSecAnalyzer      -w GenXSecAnalyzer:                      17       17
    2 LogicError           -w GenWeightsTableP                       1        1
    3 LogicError           -w HTXSRivetProduce                       1        1
    4 LogicError           -w Pythia8Hadronize                       1        1
    5 fileAction           -s ExternalLHEProdu                       2        2
    6 fileAction           -s ExternalLHEProdu                       1        1

 type    category    Examples: run/evt        run/evt          run/evt
 ---- -------------------- ---------------- ---------------- ----------------
    1 GenXSecAnalyzer      EndJob           EndJob           EndJob
    2 LogicError           Run: 1                            
    3 LogicError           Run: 1                            
    4 LogicError           Run: 1                            
    5 fileAction           Run: 1           Run: 1           
    6 fileAction           End Run: 1                        

Severity    # Occurrences   Total Occurrences
--------    -------------   -----------------
Warning                20                  20
System                  3                   3

dropped waiting message count 0
