DEBUG 2020-11-10 11:21:11.567 UTC: 	 CRAB Client version: v3.200812
DEBUG 2020-11-10 11:21:11.568 UTC: 	 Running on: Linux lxplus736.cern.ch 3.10.0-1127.19.1.el7.x86_64 #1 SMP Tue Aug 25 17:23:54 UTC 2020 x86_64 x86_64 x86_64 GNU/Linux - CentOS Linux 7 (Core)
DEBUG 2020-11-10 11:21:11.568 UTC: 	 Executing command: 'submit'
DEBUG 2020-11-10 11:21:11.568 UTC: 	 Found CRAB cache file /afs/cern.ch/user/c/choij/.crab3
INFO 2020-11-10 11:21:11.569 UTC: 	 Will use CRAB configuration file crab_submit_DYm50_cp5_GridToNano.py
DEBUG 2020-11-10 11:21:11.569 UTC: 	 Loading CRAB configuration file.
DEBUG 2020-11-10 11:21:11.573 UTC: 	 Will use CRAB PrivateMC plugin (i.e. will run a MC generation job type).
ERROR 2020-11-10 11:21:11.573 UTC: 	 Working area '/eos/home-c/choij/GenValidation/CMSSW_11_2_0_pre7/src/Configuration/VGenStudies/crab_submit_files/crab_DYm50_cp5_GridToNano_Customize/crab_projects/crab_DYm50_cp5_GridToNano_Customize' already exists 
Please change the requestName in the config file
ERROR 2020-11-10 11:21:11.573 UTC: 	 Caught ClientException exception
Traceback (most recent call last):
  File "/cvmfs/cms.cern.ch/share/cms/crab-prod/v3.200812.00/bin/crab", line 165, in <module>
    client()
  File "/cvmfs/cms.cern.ch/share/cms/crab-prod/v3.200812.00/bin/crab", line 150, in __call__
    self.cmd = sub_cmd(self.logger, args[1:])
  File "/cvmfs/cms.cern.ch/share/cms/crab-prod/v3.200812.00/lib/CRABClient/Commands/submit.py", line 35, in __init__
    SubCommand.__init__(self, logger, cmdargs, disable_interspersed_args=True)
  File "/cvmfs/cms.cern.ch/share/cms/crab-prod/v3.200812.00/lib/CRABClient/Commands/SubCommand.py", line 315, in __init__
    getattr(self.configuration.General, 'requestName', None))
  File "/cvmfs/cms.cern.ch/share/cms/crab-prod/v3.200812.00/lib/CRABClient/ClientUtilities.py", line 397, in createWorkArea
    raise ConfigException("Working area '%s' already exists \nPlease change the requestName in the config file" % fullpath)
ConfigException: Working area '/eos/home-c/choij/GenValidation/CMSSW_11_2_0_pre7/src/Configuration/VGenStudies/crab_submit_files/crab_DYm50_cp5_GridToNano_Customize/crab_projects/crab_DYm50_cp5_GridToNano_Customize' already exists 
Please change the requestName in the config file
INFO 2020-11-10 11:21:11.579 UTC: 	 Log file is /eos/home-c/choij/GenValidation/CMSSW_11_2_0_pre7/src/Configuration/VGenStudies/crab_submit_files/crab_DYm50_cp5_GridToNano_Customize/crab.log
