DEBUG 2020-11-26 07:33:03.578 UTC: 	 CRAB Client version: v3.201110
DEBUG 2020-11-26 07:33:03.579 UTC: 	 Running on: Linux lxplus736.cern.ch 3.10.0-1127.19.1.el7.x86_64 #1 SMP Tue Aug 25 17:23:54 UTC 2020 x86_64 x86_64 x86_64 GNU/Linux - CentOS Linux 7 (Core)
DEBUG 2020-11-26 07:33:03.579 UTC: 	 Executing command: 'submit'
DEBUG 2020-11-26 07:33:03.579 UTC: 	 Found CRAB cache file /afs/cern.ch/user/c/choij/.crab3
INFO 2020-11-26 07:33:03.580 UTC: 	 Will use CRAB configuration file crab_submit_DYm50_012j_nlo_cuep5m1.py
DEBUG 2020-11-26 07:33:03.580 UTC: 	 Loading CRAB configuration file.
ERROR 2020-11-26 07:33:03.643 UTC: 	 Invalid CRAB configuration: In case of Automatic splitting, the Data.unitsPerJob parameter must be in the [180, 2700] minutes range. You asked for 3000 minutes.
The documentation about the CRAB configuration file can be found in https://twiki.cern.ch/twiki/bin/view/CMSPublic/CRAB3ConfigurationFile
ERROR 2020-11-26 07:33:03.643 UTC: 	 Caught ClientException exception
Traceback (most recent call last):
  File "/cvmfs/cms.cern.ch/share/cms/crab-prod/v3.201110.00/bin/crab", line 165, in <module>
    client()
  File "/cvmfs/cms.cern.ch/share/cms/crab-prod/v3.201110.00/bin/crab", line 150, in __call__
    self.cmd = sub_cmd(self.logger, args[1:])
  File "/cvmfs/cms.cern.ch/share/cms/crab-prod/v3.201110.00/lib/CRABClient/Commands/submit.py", line 35, in __init__
    SubCommand.__init__(self, logger, cmdargs, disable_interspersed_args=True)
  File "/cvmfs/cms.cern.ch/share/cms/crab-prod/v3.201110.00/lib/CRABClient/Commands/SubCommand.py", line 312, in __init__
    self.loadConfig(self.options.config, self.args)
  File "/cvmfs/cms.cern.ch/share/cms/crab-prod/v3.201110.00/lib/CRABClient/Commands/SubCommand.py", line 95, in loadConfig
    raise ConfigurationException(configmsg)
ConfigurationException: Invalid CRAB configuration: In case of Automatic splitting, the Data.unitsPerJob parameter must be in the [180, 2700] minutes range. You asked for 3000 minutes.
The documentation about the CRAB configuration file can be found in https://twiki.cern.ch/twiki/bin/view/CMSPublic/CRAB3ConfigurationFile
INFO 2020-11-26 07:33:03.718 UTC: 	 Log file is /eos/home-c/choij/GenValidation/CMSSW_11_2_0_pre7/src/Configuration/VGenStudies/crab_submit_files/crab_DYm50_012j_nlo_cuep5m1/crab.log
